<?xml version="1.0" encoding="UTF-8"?>
<testng-results ignored="0" total="1" passed="1" failed="0" skipped="0">
  <reporter-output>
    <line>
      <![CDATA[Log in to Facebook]]>
    </line>
    <line>
      <![CDATA[https://en-gb.facebook.com/login/?next=https%3A%2F%2Fen-gb.facebook.com%2Fpages%2Fcreate%2F%3Fref_type%3Dregistration_form]]>
    </line>
  </reporter-output>
  <suite started-at="2021-07-23T18:35:35 IST" name="Failed suite [Suite]" finished-at="2021-07-23T18:35:53 IST" duration-ms="18422">
    <groups>
    </groups>
    <test started-at="2021-07-23T18:35:35 IST" name="Test(failed)" finished-at="2021-07-23T18:35:53 IST" duration-ms="18422">
      <class name="testng.Testcase3">
        <test-method is-config="true" signature="openApp()[pri:0, instance:testng.Testcase3@ba54932]" started-at="2021-07-23T18:35:35 IST" name="openApp" finished-at="2021-07-23T18:35:42 IST" duration-ms="7705" status="PASS">
          <reporter-output>
          </reporter-output>
        </test-method> <!-- openApp -->
        <test-method signature="createApage()[pri:0, instance:testng.Testcase3@ba54932]" started-at="2021-07-23T18:35:42 IST" name="createApage" finished-at="2021-07-23T18:35:52 IST" duration-ms="9941" status="PASS">
          <reporter-output>
            <line>
              <![CDATA[Log in to Facebook]]>
            </line>
            <line>
              <![CDATA[https://en-gb.facebook.com/login/?next=https%3A%2F%2Fen-gb.facebook.com%2Fpages%2Fcreate%2F%3Fref_type%3Dregistration_form]]>
            </line>
          </reporter-output>
        </test-method> <!-- createApage -->
        <test-method is-config="true" signature="closeAPP()[pri:0, instance:testng.Testcase3@ba54932]" started-at="2021-07-23T18:35:52 IST" name="closeAPP" finished-at="2021-07-23T18:35:53 IST" duration-ms="670" status="PASS">
          <reporter-output>
          </reporter-output>
        </test-method> <!-- closeAPP -->
      </class> <!-- testng.Testcase3 -->
    </test> <!-- Test(failed) -->
  </suite> <!-- Failed suite [Suite] -->
</testng-results>
